<?xml version="1.0" encoding="UTF-8"?>
<!-- Generated by org.testng.reporters.JUnitReportReporter -->
<testsuite hostname="admin1-HP-ProBook-640-G2" failures="0" tests="1" name="com.tcs.runner.SanityRunner" time="92.205" errors="0" timestamp="2023-10-17T21:47:34 IST" skipped="0">
  <testcase classname="com.tcs.runner.SanityRunner" name="runScenario" time="92.205"/>
  <system-out/>
</testsuite> <!-- com.tcs.runner.SanityRunner -->
